
2024/08/30 (23:08:30) | ===> btop++ v.1.3.2
2024/08/30 (23:08:30) | WARNING: ROCm SMI: Failed to get maximum GPU temperature, defaulting to 110°C
2024/08/30 (23:08:30) | WARNING: ROCm SMI: Failed to get PCIe throughput

2024/08/30 (23:19:10) | ===> btop++ v.1.3.2
2024/08/30 (23:19:10) | WARNING: ROCm SMI: Failed to get maximum GPU temperature, defaulting to 110°C
2024/08/30 (23:19:10) | WARNING: ROCm SMI: Failed to get PCIe throughput

2024/08/30 (23:20:04) | ===> btop++ v.1.3.2
2024/08/30 (23:20:04) | WARNING: ROCm SMI: Failed to get maximum GPU temperature, defaulting to 110°C
2024/08/30 (23:20:04) | WARNING: ROCm SMI: Failed to get PCIe throughput

2024/08/30 (23:20:32) | ===> btop++ v.1.3.2
2024/08/30 (23:20:32) | WARNING: ROCm SMI: Failed to get maximum GPU temperature, defaulting to 110°C
2024/08/30 (23:20:32) | WARNING: ROCm SMI: Failed to get PCIe throughput

2024/08/30 (23:21:44) | ===> btop++ v.1.3.2
2024/08/30 (23:21:44) | WARNING: ROCm SMI: Failed to get maximum GPU temperature, defaulting to 110°C
2024/08/30 (23:21:44) | WARNING: ROCm SMI: Failed to get PCIe throughput

2024/08/31 (14:08:34) | ===> btop++ v.1.3.2
2024/08/31 (14:08:34) | WARNING: ROCm SMI: Failed to get maximum GPU temperature, defaulting to 110°C
2024/08/31 (14:08:34) | WARNING: ROCm SMI: Failed to get PCIe throughput

2024/08/31 (16:33:01) | ===> btop++ v.1.3.2
2024/08/31 (16:33:01) | WARNING: ROCm SMI: Failed to get maximum GPU temperature, defaulting to 110°C
2024/08/31 (16:33:01) | WARNING: ROCm SMI: Failed to get PCIe throughput

2024/08/31 (17:05:19) | ===> btop++ v.1.3.2
2024/08/31 (17:05:19) | WARNING: ROCm SMI: Failed to get maximum GPU temperature, defaulting to 110°C
2024/08/31 (17:05:19) | WARNING: ROCm SMI: Failed to get PCIe throughput

2024/08/31 (22:22:06) | ===> btop++ v.1.3.2
2024/08/31 (22:22:06) | WARNING: ROCm SMI: Failed to get maximum GPU temperature, defaulting to 110°C
2024/08/31 (22:22:06) | WARNING: ROCm SMI: Failed to get PCIe throughput

2024/08/31 (23:18:26) | ===> btop++ v.1.3.2
2024/08/31 (23:18:26) | WARNING: ROCm SMI: Failed to get maximum GPU temperature, defaulting to 110°C
2024/08/31 (23:18:26) | WARNING: ROCm SMI: Failed to get PCIe throughput

2024/09/01 (16:08:04) | ===> btop++ v.1.3.2
2024/09/01 (16:08:04) | WARNING: ROCm SMI: Failed to get maximum GPU temperature, defaulting to 110°C
2024/09/01 (16:08:04) | WARNING: ROCm SMI: Failed to get PCIe throughput

2024/09/01 (16:10:56) | ===> btop++ v.1.3.2
2024/09/01 (16:10:56) | WARNING: ROCm SMI: Failed to get maximum GPU temperature, defaulting to 110°C
2024/09/01 (16:10:56) | WARNING: ROCm SMI: Failed to get PCIe throughput

2024/09/01 (17:51:10) | ===> btop++ v.1.3.2
2024/09/01 (17:51:10) | WARNING: ROCm SMI: Failed to get maximum GPU temperature, defaulting to 110°C
2024/09/01 (17:51:10) | WARNING: ROCm SMI: Failed to get PCIe throughput

2024/09/01 (21:54:19) | ===> btop++ v.1.3.2
2024/09/01 (21:54:19) | WARNING: ROCm SMI: Failed to get maximum GPU temperature, defaulting to 110°C
2024/09/01 (21:54:19) | WARNING: ROCm SMI: Failed to get PCIe throughput

2024/09/02 (12:22:05) | ===> btop++ v.1.3.2
2024/09/02 (12:22:05) | WARNING: ROCm SMI: Failed to get maximum GPU temperature, defaulting to 110°C
2024/09/02 (12:22:05) | WARNING: ROCm SMI: Failed to get PCIe throughput

2024/09/02 (15:35:58) | ===> btop++ v.1.3.2
2024/09/02 (15:35:58) | WARNING: ROCm SMI: Failed to get maximum GPU temperature, defaulting to 110°C
2024/09/02 (15:35:58) | WARNING: ROCm SMI: Failed to get PCIe throughput

2024/09/02 (15:41:49) | ===> btop++ v.1.3.2
2024/09/02 (15:41:49) | WARNING: ROCm SMI: Failed to get maximum GPU temperature, defaulting to 110°C
2024/09/02 (15:41:49) | WARNING: ROCm SMI: Failed to get PCIe throughput

2024/09/02 (17:04:16) | ===> btop++ v.1.3.2
2024/09/02 (17:04:16) | WARNING: ROCm SMI: Failed to get maximum GPU temperature, defaulting to 110°C
2024/09/02 (17:04:16) | WARNING: ROCm SMI: Failed to get PCIe throughput

2024/09/03 (14:44:52) | ===> btop++ v.1.3.2
2024/09/03 (14:44:52) | WARNING: ROCm SMI: Failed to get maximum GPU temperature, defaulting to 110°C
2024/09/03 (14:44:52) | WARNING: ROCm SMI: Failed to get PCIe throughput

2024/09/03 (18:15:36) | ===> btop++ v.1.3.2
2024/09/03 (18:15:36) | WARNING: ROCm SMI: Failed to get maximum GPU temperature, defaulting to 110°C
2024/09/03 (18:15:36) | WARNING: ROCm SMI: Failed to get PCIe throughput

2024/09/04 (16:01:49) | ===> btop++ v.1.3.2
2024/09/04 (16:01:49) | WARNING: ROCm SMI: Failed to get maximum GPU temperature, defaulting to 110°C
2024/09/04 (16:01:49) | WARNING: ROCm SMI: Failed to get PCIe throughput

2024/09/04 (19:20:45) | ===> btop++ v.1.3.2
2024/09/04 (19:20:45) | WARNING: ROCm SMI: Failed to get maximum GPU temperature, defaulting to 110°C
2024/09/04 (19:20:45) | WARNING: ROCm SMI: Failed to get PCIe throughput

2024/09/04 (20:49:45) | ===> btop++ v.1.3.2
2024/09/04 (20:49:45) | WARNING: ROCm SMI: Failed to get maximum GPU temperature, defaulting to 110°C
2024/09/04 (20:49:45) | WARNING: ROCm SMI: Failed to get PCIe throughput

2024/09/04 (21:52:12) | ===> btop++ v.1.3.2
2024/09/04 (21:52:12) | WARNING: ROCm SMI: Failed to get maximum GPU temperature, defaulting to 110°C
2024/09/04 (21:52:12) | WARNING: ROCm SMI: Failed to get PCIe throughput

2024/09/04 (21:52:17) | ===> btop++ v.1.3.2
2024/09/04 (21:52:17) | WARNING: ROCm SMI: Failed to get maximum GPU temperature, defaulting to 110°C
2024/09/04 (21:52:17) | WARNING: ROCm SMI: Failed to get PCIe throughput

2024/09/04 (21:52:37) | ===> btop++ v.1.3.2
2024/09/04 (21:52:37) | WARNING: ROCm SMI: Failed to get maximum GPU temperature, defaulting to 110°C
2024/09/04 (21:52:37) | WARNING: ROCm SMI: Failed to get PCIe throughput

2024/09/04 (21:52:55) | ===> btop++ v.1.3.2
2024/09/04 (21:52:55) | WARNING: ROCm SMI: Failed to get maximum GPU temperature, defaulting to 110°C
2024/09/04 (21:52:55) | WARNING: ROCm SMI: Failed to get PCIe throughput

2024/09/05 (15:29:03) | ===> btop++ v.1.3.2
2024/09/05 (15:29:03) | WARNING: ROCm SMI: Failed to get maximum GPU temperature, defaulting to 110°C
2024/09/05 (15:29:03) | WARNING: ROCm SMI: Failed to get PCIe throughput

2024/09/06 (22:11:24) | ===> btop++ v.1.3.2
2024/09/06 (22:11:24) | WARNING: ROCm SMI: Failed to get maximum GPU temperature, defaulting to 110°C
2024/09/06 (22:11:24) | WARNING: ROCm SMI: Failed to get PCIe throughput

2024/09/07 (21:03:01) | ===> btop++ v.1.3.2
2024/09/07 (21:03:01) | WARNING: ROCm SMI: Failed to get maximum GPU temperature, defaulting to 110°C
2024/09/07 (21:03:01) | WARNING: ROCm SMI: Failed to get PCIe throughput

2024/09/17 (20:09:41) | ===> btop++ v.1.3.2
2024/09/17 (20:09:41) | WARNING: ROCm SMI: Failed to get maximum GPU temperature, defaulting to 110°C
2024/09/17 (20:09:41) | WARNING: ROCm SMI: Failed to get PCIe throughput

2024/09/24 (16:18:52) | ===> btop++ v.1.4.0
2024/09/24 (16:18:52) | WARNING: ROCm SMI: Failed to get maximum GPU temperature, defaulting to 110°C
2024/09/24 (16:18:52) | WARNING: ROCm SMI: Failed to get PCIe throughput

2024/09/27 (23:40:00) | ===> btop++ v.1.4.0
2024/09/27 (23:40:00) | WARNING: ROCm SMI: Failed to get maximum GPU temperature, defaulting to 110°C
2024/09/27 (23:40:00) | WARNING: ROCm SMI: Failed to get PCIe throughput

2024/10/12 (00:57:47) | ===> btop++ v.1.4.0
2024/10/12 (00:57:47) | WARNING: ROCm SMI: Failed to get maximum GPU temperature, defaulting to 110°C
2024/10/12 (00:57:47) | WARNING: ROCm SMI: Failed to get PCIe throughput

2024/10/13 (01:01:29) | ===> btop++ v.1.4.0
2024/10/13 (01:01:29) | WARNING: ROCm SMI: Failed to get maximum GPU temperature, defaulting to 110°C
2024/10/13 (01:01:29) | WARNING: ROCm SMI: Failed to get PCIe throughput

2024/10/19 (23:13:07) | ===> btop++ v.1.4.0
2024/10/19 (23:13:07) | WARNING: ROCm SMI: Failed to get maximum GPU temperature, defaulting to 110°C
2024/10/19 (23:13:07) | WARNING: ROCm SMI: Failed to get PCIe throughput

2024/10/21 (14:59:51) | ===> btop++ v.1.4.0
2024/10/21 (14:59:51) | ERROR: No tty detected!
btop++ needs an interactive shell to run.

2024/10/21 (14:59:53) | ===> btop++ v.1.4.0
2024/10/21 (14:59:53) | ERROR: No tty detected!
btop++ needs an interactive shell to run.

2024/10/21 (14:59:54) | ===> btop++ v.1.4.0
2024/10/21 (14:59:54) | ERROR: No tty detected!
btop++ needs an interactive shell to run.

2024/10/21 (14:59:56) | ===> btop++ v.1.4.0
2024/10/21 (14:59:56) | ERROR: No tty detected!
btop++ needs an interactive shell to run.

2024/10/21 (14:59:57) | ===> btop++ v.1.4.0
2024/10/21 (14:59:57) | ERROR: No tty detected!
btop++ needs an interactive shell to run.

2024/10/21 (14:59:58) | ===> btop++ v.1.4.0
2024/10/21 (14:59:58) | ERROR: No tty detected!
btop++ needs an interactive shell to run.

2024/10/21 (14:59:58) | ===> btop++ v.1.4.0
2024/10/21 (14:59:58) | ERROR: No tty detected!
btop++ needs an interactive shell to run.

2024/10/21 (15:02:47) | ===> btop++ v.1.4.0
2024/10/21 (15:02:47) | ERROR: No tty detected!
btop++ needs an interactive shell to run.

2024/10/21 (15:02:49) | ===> btop++ v.1.4.0
2024/10/21 (15:02:49) | ERROR: No tty detected!
btop++ needs an interactive shell to run.

2024/10/21 (15:02:50) | ===> btop++ v.1.4.0
2024/10/21 (15:02:50) | ERROR: No tty detected!
btop++ needs an interactive shell to run.

2024/10/21 (15:02:51) | ===> btop++ v.1.4.0
2024/10/21 (15:02:51) | ERROR: No tty detected!
btop++ needs an interactive shell to run.

2024/10/21 (15:02:52) | ===> btop++ v.1.4.0
2024/10/21 (15:02:52) | ERROR: No tty detected!
btop++ needs an interactive shell to run.

2024/10/21 (15:02:52) | ===> btop++ v.1.4.0
2024/10/21 (15:02:52) | ERROR: No tty detected!
btop++ needs an interactive shell to run.

2024/10/21 (15:02:53) | ===> btop++ v.1.4.0
2024/10/21 (15:02:53) | ERROR: No tty detected!
btop++ needs an interactive shell to run.

2024/10/21 (15:02:53) | ===> btop++ v.1.4.0
2024/10/21 (15:02:53) | ERROR: No tty detected!
btop++ needs an interactive shell to run.

2024/10/21 (15:02:53) | ===> btop++ v.1.4.0
2024/10/21 (15:02:53) | ERROR: No tty detected!
btop++ needs an interactive shell to run.

2024/10/21 (15:02:53) | ===> btop++ v.1.4.0
2024/10/21 (15:02:53) | ERROR: No tty detected!
btop++ needs an interactive shell to run.

2024/10/21 (15:04:02) | ===> btop++ v.1.4.0
2024/10/21 (15:04:02) | WARNING: ROCm SMI: Failed to get maximum GPU temperature, defaulting to 110°C
2024/10/21 (15:04:02) | WARNING: ROCm SMI: Failed to get PCIe throughput

2024/10/21 (15:04:34) | ===> btop++ v.1.4.0
2024/10/21 (15:04:34) | WARNING: ROCm SMI: Failed to get maximum GPU temperature, defaulting to 110°C
2024/10/21 (15:04:34) | WARNING: ROCm SMI: Failed to get PCIe throughput

2024/10/21 (15:23:06) | ===> btop++ v.1.4.0
2024/10/21 (15:23:06) | WARNING: ROCm SMI: Failed to get maximum GPU temperature, defaulting to 110°C
2024/10/21 (15:23:06) | WARNING: ROCm SMI: Failed to get PCIe throughput

2024/10/21 (15:36:46) | ===> btop++ v.1.4.0
2024/10/21 (15:36:46) | WARNING: ROCm SMI: Failed to get maximum GPU temperature, defaulting to 110°C
2024/10/21 (15:36:46) | WARNING: ROCm SMI: Failed to get PCIe throughput

2024/10/21 (15:39:42) | ===> btop++ v.1.4.0
2024/10/21 (15:39:42) | WARNING: ROCm SMI: Failed to get maximum GPU temperature, defaulting to 110°C
2024/10/21 (15:39:42) | WARNING: ROCm SMI: Failed to get PCIe throughput

2024/10/21 (15:45:34) | ===> btop++ v.1.4.0
2024/10/21 (15:45:34) | WARNING: ROCm SMI: Failed to get maximum GPU temperature, defaulting to 110°C
2024/10/21 (15:45:34) | WARNING: ROCm SMI: Failed to get PCIe throughput

2024/10/21 (15:45:48) | ===> btop++ v.1.4.0
2024/10/21 (15:45:48) | WARNING: ROCm SMI: Failed to get maximum GPU temperature, defaulting to 110°C
2024/10/21 (15:45:48) | WARNING: ROCm SMI: Failed to get PCIe throughput

2024/10/21 (15:53:14) | ===> btop++ v.1.4.0
2024/10/21 (15:53:14) | WARNING: ROCm SMI: Failed to get maximum GPU temperature, defaulting to 110°C
2024/10/21 (15:53:14) | WARNING: ROCm SMI: Failed to get PCIe throughput

2024/10/21 (15:59:39) | ===> btop++ v.1.4.0
2024/10/21 (15:59:39) | WARNING: ROCm SMI: Failed to get maximum GPU temperature, defaulting to 110°C
2024/10/21 (15:59:39) | WARNING: ROCm SMI: Failed to get PCIe throughput

2024/10/21 (16:03:11) | ===> btop++ v.1.4.0
2024/10/21 (16:03:11) | WARNING: ROCm SMI: Failed to get maximum GPU temperature, defaulting to 110°C
2024/10/21 (16:03:11) | WARNING: ROCm SMI: Failed to get PCIe throughput

2024/10/21 (16:04:16) | ===> btop++ v.1.4.0
2024/10/21 (16:04:16) | WARNING: ROCm SMI: Failed to get maximum GPU temperature, defaulting to 110°C
2024/10/21 (16:04:16) | WARNING: ROCm SMI: Failed to get PCIe throughput

2024/10/21 (16:04:30) | ===> btop++ v.1.4.0
2024/10/21 (16:04:30) | WARNING: ROCm SMI: Failed to get maximum GPU temperature, defaulting to 110°C
2024/10/21 (16:04:30) | WARNING: ROCm SMI: Failed to get PCIe throughput

2024/10/21 (16:04:58) | ===> btop++ v.1.4.0
2024/10/21 (16:04:58) | WARNING: ROCm SMI: Failed to get maximum GPU temperature, defaulting to 110°C
2024/10/21 (16:04:58) | WARNING: ROCm SMI: Failed to get PCIe throughput

2024/10/21 (16:05:25) | ===> btop++ v.1.4.0
2024/10/21 (16:05:25) | WARNING: ROCm SMI: Failed to get maximum GPU temperature, defaulting to 110°C
2024/10/21 (16:05:25) | WARNING: ROCm SMI: Failed to get PCIe throughput

2024/10/21 (16:05:36) | ===> btop++ v.1.4.0
2024/10/21 (16:05:36) | WARNING: ROCm SMI: Failed to get maximum GPU temperature, defaulting to 110°C
2024/10/21 (16:05:36) | WARNING: ROCm SMI: Failed to get PCIe throughput

2024/10/21 (16:05:41) | ===> btop++ v.1.4.0
2024/10/21 (16:05:41) | WARNING: ROCm SMI: Failed to get maximum GPU temperature, defaulting to 110°C
2024/10/21 (16:05:41) | WARNING: ROCm SMI: Failed to get PCIe throughput

2024/10/21 (16:06:19) | ===> btop++ v.1.4.0
2024/10/21 (16:06:19) | WARNING: ROCm SMI: Failed to get maximum GPU temperature, defaulting to 110°C
2024/10/21 (16:06:19) | WARNING: ROCm SMI: Failed to get PCIe throughput

2024/10/21 (16:06:31) | ===> btop++ v.1.4.0
2024/10/21 (16:06:31) | WARNING: ROCm SMI: Failed to get maximum GPU temperature, defaulting to 110°C
2024/10/21 (16:06:31) | WARNING: ROCm SMI: Failed to get PCIe throughput

2024/10/21 (21:22:51) | ===> btop++ v.1.4.0
2024/10/21 (21:22:51) | WARNING: ROCm SMI: Failed to get maximum GPU temperature, defaulting to 110°C
2024/10/21 (21:22:51) | WARNING: ROCm SMI: Failed to get PCIe throughput

2024/10/21 (21:59:50) | ===> btop++ v.1.4.0
2024/10/21 (21:59:50) | WARNING: ROCm SMI: Failed to get maximum GPU temperature, defaulting to 110°C
2024/10/21 (21:59:50) | WARNING: ROCm SMI: Failed to get PCIe throughput

2024/10/22 (15:24:54) | ===> btop++ v.1.4.0
2024/10/22 (15:24:54) | WARNING: ROCm SMI: Failed to get maximum GPU temperature, defaulting to 110°C
2024/10/22 (15:24:54) | WARNING: ROCm SMI: Failed to get PCIe throughput

2024/10/23 (21:24:09) | ===> btop++ v.1.4.0
2024/10/23 (21:24:09) | WARNING: ROCm SMI: Failed to get maximum GPU temperature, defaulting to 110°C
2024/10/23 (21:24:09) | WARNING: ROCm SMI: Failed to get PCIe throughput

2024/10/23 (21:25:54) | ===> btop++ v.1.4.0
2024/10/23 (21:25:54) | WARNING: ROCm SMI: Failed to get maximum GPU temperature, defaulting to 110°C
2024/10/23 (21:25:54) | WARNING: ROCm SMI: Failed to get PCIe throughput

2024/10/24 (21:53:46) | ===> btop++ v.1.4.0
2024/10/24 (21:53:46) | WARNING: ROCm SMI: Failed to get maximum GPU temperature, defaulting to 110°C
2024/10/24 (21:53:46) | WARNING: ROCm SMI: Failed to get PCIe throughput

2024/10/24 (21:53:51) | ===> btop++ v.1.4.0
2024/10/24 (21:53:51) | WARNING: ROCm SMI: Failed to get maximum GPU temperature, defaulting to 110°C
2024/10/24 (21:53:51) | WARNING: ROCm SMI: Failed to get PCIe throughput

2024/10/25 (17:02:38) | ===> btop++ v.1.4.0
2024/10/25 (17:02:38) | WARNING: ROCm SMI: Failed to get maximum GPU temperature, defaulting to 110°C
2024/10/25 (17:02:38) | WARNING: ROCm SMI: Failed to get PCIe throughput

2024/10/25 (17:02:56) | ===> btop++ v.1.4.0
2024/10/25 (17:02:56) | WARNING: ROCm SMI: Failed to get maximum GPU temperature, defaulting to 110°C
2024/10/25 (17:02:56) | WARNING: ROCm SMI: Failed to get PCIe throughput

2024/10/26 (22:31:23) | ===> btop++ v.1.4.0
2024/10/26 (22:31:23) | WARNING: ROCm SMI: Failed to get maximum GPU temperature, defaulting to 110°C
2024/10/26 (22:31:23) | WARNING: ROCm SMI: Failed to get PCIe throughput

2024/10/27 (17:35:41) | ===> btop++ v.1.4.0
2024/10/27 (17:35:41) | WARNING: ROCm SMI: Failed to get maximum GPU temperature, defaulting to 110°C
2024/10/27 (17:35:41) | WARNING: ROCm SMI: Failed to get PCIe throughput

2024/10/27 (17:36:21) | ===> btop++ v.1.4.0
2024/10/27 (17:36:21) | WARNING: ROCm SMI: Failed to get maximum GPU temperature, defaulting to 110°C
2024/10/27 (17:36:21) | WARNING: ROCm SMI: Failed to get PCIe throughput

2024/10/27 (18:10:46) | ===> btop++ v.1.4.0
2024/10/27 (18:10:46) | WARNING: ROCm SMI: Failed to get maximum GPU temperature, defaulting to 110°C
2024/10/27 (18:10:46) | WARNING: ROCm SMI: Failed to get PCIe throughput

2024/10/27 (18:10:49) | ===> btop++ v.1.4.0
2024/10/27 (18:10:49) | WARNING: ROCm SMI: Failed to get maximum GPU temperature, defaulting to 110°C
2024/10/27 (18:10:49) | WARNING: ROCm SMI: Failed to get PCIe throughput

2024/10/27 (18:16:25) | ===> btop++ v.1.4.0
2024/10/27 (18:16:25) | WARNING: ROCm SMI: Failed to get maximum GPU temperature, defaulting to 110°C
2024/10/27 (18:16:25) | WARNING: ROCm SMI: Failed to get PCIe throughput

2024/10/27 (18:18:26) | ===> btop++ v.1.4.0
2024/10/27 (18:18:26) | WARNING: ROCm SMI: Failed to get maximum GPU temperature, defaulting to 110°C
2024/10/27 (18:18:26) | WARNING: ROCm SMI: Failed to get PCIe throughput

2024/10/27 (18:18:39) | ===> btop++ v.1.4.0
2024/10/27 (18:18:39) | WARNING: ROCm SMI: Failed to get maximum GPU temperature, defaulting to 110°C
2024/10/27 (18:18:39) | WARNING: ROCm SMI: Failed to get PCIe throughput

2024/10/27 (18:18:47) | ===> btop++ v.1.4.0
2024/10/27 (18:18:47) | WARNING: ROCm SMI: Failed to get maximum GPU temperature, defaulting to 110°C
2024/10/27 (18:18:47) | WARNING: ROCm SMI: Failed to get PCIe throughput

2024/10/27 (18:18:59) | ===> btop++ v.1.4.0
2024/10/27 (18:18:59) | WARNING: ROCm SMI: Failed to get maximum GPU temperature, defaulting to 110°C
2024/10/27 (18:18:59) | WARNING: ROCm SMI: Failed to get PCIe throughput

2024/10/27 (18:19:11) | ===> btop++ v.1.4.0
2024/10/27 (18:19:11) | WARNING: ROCm SMI: Failed to get maximum GPU temperature, defaulting to 110°C
2024/10/27 (18:19:11) | WARNING: ROCm SMI: Failed to get PCIe throughput

2024/10/27 (18:19:27) | ===> btop++ v.1.4.0
2024/10/27 (18:19:27) | WARNING: ROCm SMI: Failed to get maximum GPU temperature, defaulting to 110°C
2024/10/27 (18:19:27) | WARNING: ROCm SMI: Failed to get PCIe throughput

2024/10/27 (18:19:37) | ===> btop++ v.1.4.0
2024/10/27 (18:19:37) | WARNING: ROCm SMI: Failed to get maximum GPU temperature, defaulting to 110°C
2024/10/27 (18:19:37) | WARNING: ROCm SMI: Failed to get PCIe throughput

2024/10/27 (18:19:44) | ===> btop++ v.1.4.0
2024/10/27 (18:19:44) | WARNING: ROCm SMI: Failed to get maximum GPU temperature, defaulting to 110°C
2024/10/27 (18:19:44) | WARNING: ROCm SMI: Failed to get PCIe throughput

2024/10/28 (19:59:25) | ===> btop++ v.1.4.0
2024/10/28 (19:59:25) | WARNING: ROCm SMI: Failed to get maximum GPU temperature, defaulting to 110°C
2024/10/28 (19:59:25) | WARNING: ROCm SMI: Failed to get PCIe throughput

2024/10/29 (16:22:58) | ===> btop++ v.1.4.0
2024/10/29 (16:22:58) | WARNING: ROCm SMI: Failed to get maximum GPU temperature, defaulting to 110°C
2024/10/29 (16:22:58) | WARNING: ROCm SMI: Failed to get PCIe throughput

2024/10/29 (16:23:59) | ===> btop++ v.1.4.0
2024/10/29 (16:23:59) | WARNING: ROCm SMI: Failed to get maximum GPU temperature, defaulting to 110°C
2024/10/29 (16:23:59) | WARNING: ROCm SMI: Failed to get PCIe throughput

2024/10/29 (16:27:05) | ===> btop++ v.1.4.0
2024/10/29 (16:27:05) | WARNING: ROCm SMI: Failed to get maximum GPU temperature, defaulting to 110°C
2024/10/29 (16:27:05) | WARNING: ROCm SMI: Failed to get PCIe throughput

2024/10/29 (18:18:15) | ===> btop++ v.1.4.0
2024/10/29 (18:18:15) | WARNING: ROCm SMI: Failed to get maximum GPU temperature, defaulting to 110°C
2024/10/29 (18:18:15) | WARNING: ROCm SMI: Failed to get PCIe throughput

2024/10/29 (18:22:10) | ===> btop++ v.1.4.0
2024/10/29 (18:22:10) | WARNING: ROCm SMI: Failed to get maximum GPU temperature, defaulting to 110°C
2024/10/29 (18:22:10) | WARNING: ROCm SMI: Failed to get PCIe throughput

2024/10/29 (18:39:07) | ===> btop++ v.1.4.0
2024/10/29 (18:39:07) | WARNING: ROCm SMI: Failed to get maximum GPU temperature, defaulting to 110°C
2024/10/29 (18:39:07) | WARNING: ROCm SMI: Failed to get PCIe throughput

2024/10/30 (16:41:59) | ===> btop++ v.1.4.0
2024/10/30 (16:41:59) | WARNING: ROCm SMI: Failed to get maximum GPU temperature, defaulting to 110°C
2024/10/30 (16:41:59) | WARNING: ROCm SMI: Failed to get PCIe throughput

2024/10/30 (20:22:53) | ===> btop++ v.1.4.0
2024/10/30 (20:22:53) | WARNING: ROCm SMI: Failed to get maximum GPU temperature, defaulting to 110°C
2024/10/30 (20:22:53) | WARNING: ROCm SMI: Failed to get PCIe throughput

2024/10/30 (20:25:42) | ===> btop++ v.1.4.0
2024/10/30 (20:25:42) | WARNING: ROCm SMI: Failed to get maximum GPU temperature, defaulting to 110°C
2024/10/30 (20:25:42) | WARNING: ROCm SMI: Failed to get PCIe throughput

2024/10/31 (13:42:59) | ===> btop++ v.1.4.0
2024/10/31 (13:42:59) | WARNING: ROCm SMI: Failed to get maximum GPU temperature, defaulting to 110°C
2024/10/31 (13:42:59) | WARNING: ROCm SMI: Failed to get PCIe throughput

2024/10/31 (16:05:00) | ===> btop++ v.1.4.0
2024/10/31 (16:05:00) | WARNING: ROCm SMI: Failed to get maximum GPU temperature, defaulting to 110°C
2024/10/31 (16:05:00) | WARNING: ROCm SMI: Failed to get PCIe throughput

2024/10/31 (16:07:49) | ===> btop++ v.1.4.0
2024/10/31 (16:07:49) | WARNING: ROCm SMI: Failed to get maximum GPU temperature, defaulting to 110°C
2024/10/31 (16:07:49) | WARNING: ROCm SMI: Failed to get PCIe throughput

2024/10/31 (16:08:27) | ===> btop++ v.1.4.0
2024/10/31 (16:08:27) | WARNING: ROCm SMI: Failed to get maximum GPU temperature, defaulting to 110°C
2024/10/31 (16:08:27) | WARNING: ROCm SMI: Failed to get PCIe throughput

2024/10/31 (16:14:07) | ===> btop++ v.1.4.0
2024/10/31 (16:14:07) | WARNING: ROCm SMI: Failed to get maximum GPU temperature, defaulting to 110°C
2024/10/31 (16:14:07) | WARNING: ROCm SMI: Failed to get PCIe throughput

2024/10/31 (16:14:45) | ===> btop++ v.1.4.0
2024/10/31 (16:14:45) | WARNING: ROCm SMI: Failed to get maximum GPU temperature, defaulting to 110°C
2024/10/31 (16:14:45) | WARNING: ROCm SMI: Failed to get PCIe throughput

2024/10/31 (16:19:04) | ===> btop++ v.1.4.0
2024/10/31 (16:19:04) | WARNING: ROCm SMI: Failed to get maximum GPU temperature, defaulting to 110°C
2024/10/31 (16:19:04) | WARNING: ROCm SMI: Failed to get PCIe throughput

2024/10/31 (16:23:09) | ===> btop++ v.1.4.0
2024/10/31 (16:23:09) | WARNING: ROCm SMI: Failed to get maximum GPU temperature, defaulting to 110°C
2024/10/31 (16:23:09) | WARNING: ROCm SMI: Failed to get PCIe throughput

2024/10/31 (16:26:06) | ===> btop++ v.1.4.0
2024/10/31 (16:26:06) | WARNING: ROCm SMI: Failed to get maximum GPU temperature, defaulting to 110°C
2024/10/31 (16:26:06) | WARNING: ROCm SMI: Failed to get PCIe throughput

2024/11/02 (21:07:34) | ===> btop++ v.1.4.0
2024/11/02 (21:07:34) | WARNING: ROCm SMI: Failed to get maximum GPU temperature, defaulting to 110°C
2024/11/02 (21:07:34) | WARNING: ROCm SMI: Failed to get PCIe throughput

2024/11/02 (23:41:03) | ===> btop++ v.1.4.0
2024/11/02 (23:41:03) | WARNING: ROCm SMI: Failed to get maximum GPU temperature, defaulting to 110°C
2024/11/02 (23:41:03) | WARNING: ROCm SMI: Failed to get PCIe throughput

2024/11/03 (00:27:21) | ===> btop++ v.1.4.0
2024/11/03 (00:27:21) | WARNING: ROCm SMI: Failed to get maximum GPU temperature, defaulting to 110°C
2024/11/03 (00:27:21) | WARNING: ROCm SMI: Failed to get PCIe throughput

2024/11/03 (17:08:17) | ===> btop++ v.1.4.0
2024/11/03 (17:08:17) | WARNING: ROCm SMI: Failed to get maximum GPU temperature, defaulting to 110°C
2024/11/03 (17:08:17) | WARNING: ROCm SMI: Failed to get PCIe throughput

2024/11/03 (17:12:08) | ===> btop++ v.1.4.0
2024/11/03 (17:12:08) | WARNING: ROCm SMI: Failed to get maximum GPU temperature, defaulting to 110°C
2024/11/03 (17:12:08) | WARNING: ROCm SMI: Failed to get PCIe throughput

2024/11/03 (19:19:06) | ===> btop++ v.1.4.0
2024/11/03 (19:19:06) | WARNING: ROCm SMI: Failed to get maximum GPU temperature, defaulting to 110°C
2024/11/03 (19:19:06) | WARNING: ROCm SMI: Failed to get PCIe throughput

2024/11/03 (22:03:45) | ===> btop++ v.1.4.0
2024/11/03 (22:03:45) | WARNING: ROCm SMI: Failed to get maximum GPU temperature, defaulting to 110°C
2024/11/03 (22:03:45) | WARNING: ROCm SMI: Failed to get PCIe throughput

2024/11/04 (21:58:02) | ===> btop++ v.1.4.0
2024/11/04 (21:58:02) | WARNING: ROCm SMI: Failed to get maximum GPU temperature, defaulting to 110°C
2024/11/04 (21:58:02) | WARNING: ROCm SMI: Failed to get PCIe throughput

2024/11/05 (18:31:15) | ===> btop++ v.1.4.0
2024/11/05 (18:31:15) | WARNING: ROCm SMI: Failed to get maximum GPU temperature, defaulting to 110°C
2024/11/05 (18:31:15) | WARNING: ROCm SMI: Failed to get PCIe throughput

2024/11/06 (15:44:54) | ===> btop++ v.1.4.0
2024/11/06 (15:44:54) | WARNING: ROCm SMI: Failed to get maximum GPU temperature, defaulting to 110°C
2024/11/06 (15:44:54) | WARNING: ROCm SMI: Failed to get PCIe throughput

2024/11/07 (20:47:58) | ===> btop++ v.1.4.0
2024/11/07 (20:47:58) | WARNING: ROCm SMI: Failed to get maximum GPU temperature, defaulting to 110°C
2024/11/07 (20:47:58) | WARNING: ROCm SMI: Failed to get PCIe throughput

2024/11/07 (20:56:18) | ===> btop++ v.1.4.0
2024/11/07 (20:56:18) | WARNING: ROCm SMI: Failed to get maximum GPU temperature, defaulting to 110°C
2024/11/07 (20:56:18) | WARNING: ROCm SMI: Failed to get PCIe throughput

2024/11/08 (23:18:44) | ===> btop++ v.1.4.0
2024/11/08 (23:18:44) | WARNING: ROCm SMI: Failed to get maximum GPU temperature, defaulting to 110°C
2024/11/08 (23:18:44) | WARNING: ROCm SMI: Failed to get PCIe throughput

2024/11/09 (23:12:17) | ===> btop++ v.1.4.0
2024/11/09 (23:12:17) | WARNING: ROCm SMI: Failed to get maximum GPU temperature, defaulting to 110°C
2024/11/09 (23:12:17) | WARNING: ROCm SMI: Failed to get PCIe throughput

2024/11/09 (23:17:02) | ===> btop++ v.1.4.0
2024/11/09 (23:17:02) | WARNING: ROCm SMI: Failed to get maximum GPU temperature, defaulting to 110°C
2024/11/09 (23:17:02) | WARNING: ROCm SMI: Failed to get PCIe throughput

2024/11/10 (20:55:42) | ===> btop++ v.1.4.0
2024/11/10 (20:55:42) | WARNING: ROCm SMI: Failed to get maximum GPU temperature, defaulting to 110°C
2024/11/10 (20:55:42) | WARNING: ROCm SMI: Failed to get PCIe throughput

2024/11/10 (20:57:06) | ===> btop++ v.1.4.0
2024/11/10 (20:57:06) | WARNING: ROCm SMI: Failed to get maximum GPU temperature, defaulting to 110°C
2024/11/10 (20:57:06) | WARNING: ROCm SMI: Failed to get PCIe throughput

2024/11/13 (21:42:56) | ===> btop++ v.1.4.0
2024/11/13 (21:42:56) | WARNING: ROCm SMI: Failed to get maximum GPU temperature, defaulting to 110°C
2024/11/13 (21:42:56) | WARNING: ROCm SMI: Failed to get PCIe throughput

2024/11/13 (21:46:38) | ===> btop++ v.1.4.0
2024/11/13 (21:46:38) | WARNING: ROCm SMI: Failed to get maximum GPU temperature, defaulting to 110°C
2024/11/13 (21:46:38) | WARNING: ROCm SMI: Failed to get PCIe throughput

2024/11/13 (21:47:04) | ===> btop++ v.1.4.0
2024/11/13 (21:47:04) | WARNING: ROCm SMI: Failed to get maximum GPU temperature, defaulting to 110°C
2024/11/13 (21:47:04) | WARNING: ROCm SMI: Failed to get PCIe throughput

2024/11/13 (21:48:40) | ===> btop++ v.1.4.0
2024/11/13 (21:48:40) | WARNING: ROCm SMI: Failed to get maximum GPU temperature, defaulting to 110°C
2024/11/13 (21:48:40) | WARNING: ROCm SMI: Failed to get PCIe throughput

2024/11/13 (21:54:22) | ===> btop++ v.1.4.0
2024/11/13 (21:54:22) | WARNING: ROCm SMI: Failed to get maximum GPU temperature, defaulting to 110°C
2024/11/13 (21:54:22) | WARNING: ROCm SMI: Failed to get PCIe throughput

2024/11/14 (19:58:01) | ===> btop++ v.1.4.0
2024/11/14 (19:58:01) | WARNING: ROCm SMI: Failed to get maximum GPU temperature, defaulting to 110°C
2024/11/14 (19:58:01) | WARNING: ROCm SMI: Failed to get PCIe throughput

2024/11/15 (20:24:13) | ===> btop++ v.1.4.0
2024/11/15 (20:24:13) | WARNING: ROCm SMI: Failed to get maximum GPU temperature, defaulting to 110°C
2024/11/15 (20:24:13) | WARNING: ROCm SMI: Failed to get PCIe throughput
